# JRE version: Java(TM) SE Runtime Environment (8.0_65-b17) (build 1.8.0_65-b17)
# Java VM: Java HotSpot(TM) 64-Bit Server VM (25.65-b01 mixed mode windows-amd64 compressed oops)
Heap:
 PSYoungGen      total 37888K, used 24928K [0x00000000d6600000, 0x00000000d9000000, 0x0000000100000000)
  eden space 32768K, 64% used [0x00000000d6600000,0x00000000d7a88068,0x00000000d8600000)
  from space 5120K, 76% used [0x00000000d8600000,0x00000000d89d0020,0x00000000d8b00000)
  to   space 5120K, 0% used [0x00000000d8b00000,0x00000000d8b00000,0x00000000d9000000)
 ParOldGen       total 86016K, used 181K [0x0000000083200000, 0x0000000088600000, 0x00000000d6600000)
  object space 86016K, 0% used [0x0000000083200000,0x000000008322d580,0x0000000088600000)
 Metaspace       used 14496K, capacity 14824K, committed 14976K, reserved 1062912K
  class space    used 1710K, capacity 1794K, committed 1920K, reserved 1048576K
GC Heap History (6 events):
Event: 7.124 GC heap before
{Heap before GC invocations=1 (full 0):
 PSYoungGen      total 37888K, used 32768K [0x00000000d6600000, 0x00000000d9000000, 0x0000000100000000)
  eden space 32768K, 100% used [0x00000000d6600000,0x00000000d8600000,0x00000000d8600000)
  from space 5120K, 0% used [0x00000000d8b00000,0x00000000d8b00000,0x00000000d9000000)
  to   space 5120K, 0% used [0x00000000d8600000,0x00000000d8600000,0x00000000d8b00000)
 ParOldGen       total 86016K, used 0K [0x0000000083200000, 0x0000000088600000, 0x00000000d6600000)
  object space 86016K, 0% used [0x0000000083200000,0x0000000083200000,0x0000000088600000)
 Metaspace       used 11469K, capacity 11684K, committed 11904K, reserved 1058816K
  class space    used 1476K, capacity 1554K, committed 1664K, reserved 1048576K
Event: 7.133 GC heap after
Heap after GC invocations=1 (full 0):
 PSYoungGen      total 37888K, used 5088K [0x00000000d6600000, 0x00000000d9000000, 0x0000000100000000)
  eden space 32768K, 0% used [0x00000000d6600000,0x00000000d6600000,0x00000000d8600000)
  from space 5120K, 99% used [0x00000000d8600000,0x00000000d8af83b0,0x00000000d8b00000)
  to   space 5120K, 0% used [0x00000000d8b00000,0x00000000d8b00000,0x00000000d9000000)
 ParOldGen       total 86016K, used 173K [0x0000000083200000, 0x0000000088600000, 0x00000000d6600000)
  object space 86016K, 0% used [0x0000000083200000,0x000000008322b580,0x0000000088600000)
 Metaspace       used 11469K, capacity 11684K, committed 11904K, reserved 1058816K
  class space    used 1476K, capacity 1554K, committed 1664K, reserved 1048576K
}
Event: 23.343 GC heap before
{Heap before GC invocations=2 (full 0):
 PSYoungGen      total 37888K, used 37856K [0x00000000d6600000, 0x00000000d9000000, 0x0000000100000000)
  eden space 32768K, 100% used [0x00000000d6600000,0x00000000d8600000,0x00000000d8600000)
  from space 5120K, 99% used [0x00000000d8600000,0x00000000d8af83b0,0x00000000d8b00000)
  to   space 5120K, 0% used [0x00000000d8b00000,0x00000000d8b00000,0x00000000d9000000)
 ParOldGen       total 86016K, used 173K [0x0000000083200000, 0x0000000088600000, 0x00000000d6600000)
  object space 86016K, 0% used [0x0000000083200000,0x000000008322b580,0x0000000088600000)
 Metaspace       used 14313K, capacity 14696K, committed 14976K, reserved 1062912K
  class space    used 1704K, capacity 1794K, committed 1920K, reserved 1048576K
Event: 23.356 GC heap after
Heap after GC invocations=2 (full 0):
 PSYoungGen      total 37888K, used 4553K [0x00000000d6600000, 0x00000000d9000000, 0x0000000100000000)
  eden space 32768K, 0% used [0x00000000d6600000,0x00000000d6600000,0x00000000d8600000)
  from space 5120K, 88% used [0x00000000d8b00000,0x00000000d8f72500,0x00000000d9000000)
  to   space 5120K, 0% used [0x00000000d8600000,0x00000000d8600000,0x00000000d8b00000)
 ParOldGen       total 86016K, used 181K [0x0000000083200000, 0x0000000088600000, 0x00000000d6600000)
  object space 86016K, 0% used [0x0000000083200000,0x000000008322d580,0x0000000088600000)
 Metaspace       used 14313K, capacity 14696K, committed 14976K, reserved 1062912K
  class space    used 1704K, capacity 1794K, committed 1920K, reserved 1048576K
}
Event: 23.842 GC heap before
{Heap before GC invocations=3 (full 0):
 PSYoungGen      total 37888K, used 37321K [0x00000000d6600000, 0x00000000d9000000, 0x0000000100000000)
  eden space 32768K, 100% used [0x00000000d6600000,0x00000000d8600000,0x00000000d8600000)
  from space 5120K, 88% used [0x00000000d8b00000,0x00000000d8f72500,0x00000000d9000000)
  to   space 5120K, 0% used [0x00000000d8600000,0x00000000d8600000,0x00000000d8b00000)
 ParOldGen       total 86016K, used 181K [0x0000000083200000, 0x0000000088600000, 0x00000000d6600000)
  object space 86016K, 0% used [0x0000000083200000,0x000000008322d580,0x0000000088600000)
 Metaspace       used 14443K, capacity 14760K, committed 14976K, reserved 1062912K
  class space    used 1706K, capacity 1794K, committed 1920K, reserved 1048576K
Event: 23.857 GC heap after
Heap after GC invocations=3 (full 0):
 PSYoungGen      total 37888K, used 3904K [0x00000000d6600000, 0x00000000d9000000, 0x0000000100000000)
  eden space 32768K, 0% used [0x00000000d6600000,0x00000000d6600000,0x00000000d8600000)
  from space 5120K, 76% used [0x00000000d8600000,0x00000000d89d0020,0x00000000d8b00000)
  to   space 5120K, 0% used [0x00000000d8b00000,0x00000000d8b00000,0x00000000d9000000)
 ParOldGen       total 86016K, used 181K [0x0000000083200000, 0x0000000088600000, 0x00000000d6600000)
  object space 86016K, 0% used [0x0000000083200000,0x000000008322d580,0x0000000088600000)
 Metaspace       used 14443K, capacity 14760K, committed 14976K, reserved 1062912K
  class space    used 1706K, capacity 1794K, committed 1920K, reserved 1048576K
}

